[INFO] Scanning for projects...
[INFO] ------------------------------------------------------------------------
[INFO] Reactor Build Order:
[INFO] 
[INFO] Elasticsearch experimental highlighter plugin                      [pom]
[INFO] Core algorithms and interfaces for the experimental highlighter    [jar]
[INFO] Lucene backed implementations of interfaces for experimental highlighter [jar]
[INFO] Elasticsearch plugin for experimental highlighter                  [jar]
[INFO] 
[INFO] -----------< org.wikimedia.search.highlighter:experimental >------------
[INFO] Building Elasticsearch experimental highlighter plugin 7.10.0-SNAPSHOT [1/4]
[INFO] --------------------------------[ pom ]---------------------------------
[INFO] 
[INFO] --- maven-enforcer-plugin:3.0.0-M3:enforce (enforce-maven-version) @ experimental ---
[INFO] 
[INFO] --- maven-enforcer-plugin:3.0.0-M3:enforce (enforce-jdk-version) @ experimental ---
[INFO] 
[INFO] --- jacoco-maven-plugin:0.8.5:prepare-agent (default-prepare-agent) @ experimental ---
[WARNING] The artifact xml-apis:xml-apis:jar:2.0.2 has been relocated to xml-apis:xml-apis:jar:1.0.b2
[INFO] argLine set to -javaagent:/root/.m2/repository/org/jacoco/org.jacoco.agent/0.8.5/org.jacoco.agent-0.8.5-runtime.jar=destfile=/home/target/target/jacoco.exec
[INFO] 
[INFO] --- forbiddenapis:3.1:check (check-forbidden-apis) @ experimental ---
[INFO] Skipping execution for packaging "pom"
[INFO] 
[INFO] --- forbiddenapis:3.1:testCheck (check-forbidden-test-apis) @ experimental ---
[INFO] Skipping execution for packaging "pom"
[INFO] 
[INFO] --- maven-checkstyle-plugin:3.1.1:check (validate) @ experimental ---
[INFO] Starting audit...
Audit done.
[INFO] You have 0 Checkstyle violations.
[INFO] 
[INFO] ---< org.wikimedia.search.highlighter:experimental-highlighter-core >---
[INFO] Building Core algorithms and interfaces for the experimental highlighter 7.10.0-SNAPSHOT [2/4]
[INFO] --------------------------------[ jar ]---------------------------------
[INFO] 
[INFO] --- maven-enforcer-plugin:3.0.0-M3:enforce (enforce-maven-version) @ experimental-highlighter-core ---
[INFO] 
[INFO] --- maven-enforcer-plugin:3.0.0-M3:enforce (enforce-jdk-version) @ experimental-highlighter-core ---
[INFO] 
[INFO] --- jacoco-maven-plugin:0.8.5:prepare-agent (default-prepare-agent) @ experimental-highlighter-core ---
[INFO] argLine set to -javaagent:/root/.m2/repository/org/jacoco/org.jacoco.agent/0.8.5/org.jacoco.agent-0.8.5-runtime.jar=destfile=/home/target/experimental-highlighter-core/target/jacoco.exec
[INFO] 
[INFO] --- maven-resources-plugin:3.2.0:resources (default-resources) @ experimental-highlighter-core ---
[INFO] Using 'UTF-8' encoding to copy filtered resources.
[INFO] Using 'UTF-8' encoding to copy filtered properties files.
[INFO] Copying 58 resources
[INFO] skip non existing resourceDirectory /home/target/experimental-highlighter-core/src/main/resources
[INFO] 
[INFO] --- maven-compiler-plugin:3.8.1:compile (default-compile) @ experimental-highlighter-core ---
[INFO] Changes detected - recompiling the module!
[INFO] Compiling 58 source files to /home/target/experimental-highlighter-core/target/classes
[INFO] 
[INFO] --- forbiddenapis:3.1:check (check-forbidden-apis) @ experimental-highlighter-core ---
[INFO] Scanning for classes to check...
[INFO] Reading bundled API signatures: jdk-unsafe-1.8
[INFO] Reading bundled API signatures: jdk-deprecated-1.8
[INFO] Reading bundled API signatures: jdk-system-out
[INFO] Reading bundled API signatures: jdk-non-portable
[INFO] Reading API signatures: jar:file:/root/.m2/repository/org/wikimedia/discovery/discovery-maven-tool-configs/1.16/discovery-maven-tool-configs-1.16.jar!/org/wikimedia/discovery/build/tools/forbidden/all-signatures.txt
[INFO] Reading API signatures: jar:file:/root/.m2/repository/org/wikimedia/discovery/discovery-maven-tool-configs/1.16/discovery-maven-tool-configs-1.16.jar!/org/wikimedia/discovery/build/tools/forbidden/core-signatures.txt
[INFO] Loading classes to check...
[INFO] Scanning classes for violations...
[INFO] Scanned 95 class file(s) for forbidden API invocations (in 1.02s), 0 error(s).
[INFO] 
[INFO] --- maven-resources-plugin:3.2.0:testResources (default-testResources) @ experimental-highlighter-core ---
[INFO] Using 'UTF-8' encoding to copy filtered resources.
[INFO] Using 'UTF-8' encoding to copy filtered properties files.
[INFO] Copying 26 resources
[INFO] skip non existing resourceDirectory /home/target/experimental-highlighter-core/src/test/resources
[INFO] 
[INFO] --- maven-compiler-plugin:3.8.1:testCompile (default-testCompile) @ experimental-highlighter-core ---
[INFO] Changes detected - recompiling the module!
[INFO] Compiling 26 source files to /home/target/experimental-highlighter-core/target/test-classes
[INFO] 
[INFO] --- forbiddenapis:3.1:testCheck (check-forbidden-test-apis) @ experimental-highlighter-core ---
[INFO] Scanning for classes to check...
[INFO] Reading bundled API signatures: jdk-unsafe-1.8
[INFO] Reading bundled API signatures: jdk-deprecated-1.8
[INFO] Reading bundled API signatures: jdk-system-out
[INFO] Reading bundled API signatures: jdk-non-portable
[INFO] Reading API signatures: jar:file:/root/.m2/repository/org/wikimedia/discovery/discovery-maven-tool-configs/1.16/discovery-maven-tool-configs-1.16.jar!/org/wikimedia/discovery/build/tools/forbidden/all-signatures.txt
[INFO] Reading API signatures: jar:file:/root/.m2/repository/org/wikimedia/discovery/discovery-maven-tool-configs/1.16/discovery-maven-tool-configs-1.16.jar!/org/wikimedia/discovery/build/tools/forbidden/test-signatures.txt
[INFO] Loading classes to check...
[INFO] Scanning classes for violations...
[INFO] Scanned 37 class file(s) for forbidden API invocations (in 0.32s), 0 error(s).
[INFO] 
[INFO] --- maven-surefire-plugin:3.0.0-M5:test (default-test) @ experimental-highlighter-core ---
[INFO] Tests are skipped.
[INFO] 
[INFO] --- maven-checkstyle-plugin:3.1.1:check (validate) @ experimental-highlighter-core ---
[INFO] Starting audit...
Audit done.
[INFO] You have 0 Checkstyle violations.
[INFO] 
[INFO] --- junit4-maven-plugin:2.7.0:junit4 (tests) @ experimental-highlighter-core ---
[INFO] <JUnit4> says g'day! Master seed: 6FC25F4025BD1133
Executing 22 suites with 1 JVM.

Started J0 PID(2828@cd512514af50).
Suite: org.wikimedia.search.highlighter.experimental.hit.PositionBoostingHitEnumTest
Completed [1/22] in 0.22s, 5 tests

Suite: org.wikimedia.search.highlighter.experimental.snippet.BreakIteratorSegmenterTest
Completed [2/22] in 2.18s, 5 tests

Suite: org.wikimedia.search.highlighter.experimental.hit.weight.ExactMatchTermWeigherTest
Completed [3/22] in 0.00s, 1 test

Suite: org.wikimedia.search.highlighter.experimental.hit.BreakIteratorHitEnumTest
Completed [4/22] in 0.14s, 5 tests

Suite: org.wikimedia.search.highlighter.experimental.hit.OverlapMergingHitEnumWrapperTest
Completed [5/22] in 0.25s, 5 tests

Suite: org.wikimedia.search.highlighter.experimental.source.StringSourceExtracterTest
Completed [6/22] in 0.00s, 4 tests

Suite: org.wikimedia.search.highlighter.experimental.source.NonMergingMultiSourceExtracterTest
Completed [7/22] in 0.21s, 7 tests

Suite: org.wikimedia.search.highlighter.experimental.hit.PhraseHitEnumWrapperTest
FAILURE 15.4s | PhraseHitEnumWrapperTest.largeAndBasicSpeedTest <<<
   > Throwable #1: java.lang.AssertionError: 
   > Expected: a value less than <10000L>
   >      but: <14723L> was greater than <10000L>
   > 	at org.hamcrest.MatcherAssert.assertThat(MatcherAssert.java:20)
   > 	at org.junit.Assert.assertThat(Assert.java:956)
   > 	at org.junit.Assert.assertThat(Assert.java:923)
   > 	at org.wikimedia.search.highlighter.experimental.hit.PhraseHitEnumWrapperTest.largeAndBasicSpeedTest(PhraseHitEnumWrapperTest.java:112)
   > 	at sun.reflect.NativeMethodAccessorImpl.invoke0(Native Method)
   > 	at sun.reflect.NativeMethodAccessorImpl.invoke(NativeMethodAccessorImpl.java:62)
   > 	at sun.reflect.DelegatingMethodAccessorImpl.invoke(DelegatingMethodAccessorImpl.java:43)
   > 	at java.lang.reflect.Method.invoke(Method.java:498)
   > 	at org.junit.runners.model.FrameworkMethod$1.runReflectiveCall(FrameworkMethod.java:50)
   > 	at org.junit.internal.runners.model.ReflectiveCallable.run(ReflectiveCallable.java:12)
   > 	at org.junit.runners.model.FrameworkMethod.invokeExplosively(FrameworkMethod.java:47)
   > 	at org.junit.internal.runners.statements.InvokeMethod.evaluate(InvokeMethod.java:17)
   > 	at org.junit.internal.runners.statements.RunBefores.evaluate(RunBefores.java:26)
   > 	at org.junit.runners.ParentRunner.runLeaf(ParentRunner.java:325)
   > 	at org.junit.runners.BlockJUnit4ClassRunner.runChild(BlockJUnit4ClassRunner.java:78)
   > 	at org.junit.runners.BlockJUnit4ClassRunner.runChild(BlockJUnit4ClassRunner.java:57)
   > 	at org.junit.runners.ParentRunner$3.run(ParentRunner.java:290)
   > 	at org.junit.runners.ParentRunner$1.schedule(ParentRunner.java:71)
   > 	at org.junit.runners.ParentRunner.runChildren(ParentRunner.java:288)
   > 	at org.junit.runners.ParentRunner.access$000(ParentRunner.java:58)
   > 	at org.junit.runners.ParentRunner$2.evaluate(ParentRunner.java:268)
   > 	at org.junit.runners.ParentRunner.run(ParentRunner.java:363)
   > 	at com.carrotsearch.ant.tasks.junit4.slave.SlaveMain.execute(SlaveMain.java:269)
   > 	at com.carrotsearch.ant.tasks.junit4.slave.SlaveMain.main(SlaveMain.java:394)
   > 	at com.carrotsearch.ant.tasks.junit4.slave.SlaveMainSafe.main(SlaveMainSafe.java:13)
Completed [8/22 (1!)] in 15.81s, 8 tests, 1 failure <<< FAILURES!

Suite: org.wikimedia.search.highlighter.experimental.hit.weight.MultiplyingTermWeigherTest
Completed [9/22 (1!)] in 0.00s, 2 tests

Suite: org.wikimedia.search.highlighter.experimental.source.StringMergingMultiSourceExtracterTest
Completed [10/22 (1!)] in 0.71s, 7 tests

Suite: org.wikimedia.search.highlighter.experimental.hit.ConcatHitEnumTest
Completed [11/22 (1!)] in 1.09s, 1 test

Suite: org.wikimedia.search.highlighter.experimental.hit.RegexHitEnumTest
Completed [12/22 (1!)] in 0.24s, 5 tests

Suite: org.wikimedia.search.highlighter.experimental.snippet.BasicScoreBasedSnippetChooserTest
Completed [13/22 (1!)] in 0.07s, 8 tests

Suite: org.wikimedia.search.highlighter.experimental.snippet.WholeSourceSegmenterTest
Completed [14/22 (1!)] in 0.00s, 3 tests

Suite: org.wikimedia.search.highlighter.experimental.snippet.MultiSegmenterTest
Completed [15/22 (1!)] in 0.32s, 9 tests

Suite: org.wikimedia.search.highlighter.experimental.hit.ReplayingHitEnumTest
Completed [16/22 (1!)] in 0.71s, 7 tests

Suite: org.wikimedia.search.highlighter.experimental.snippet.BasicSourceOrderSnippetChooserTest
Completed [17/22 (1!)] in 0.34s, 6 tests

Suite: org.wikimedia.search.highlighter.experimental.hit.MergingHitEnumTest
Completed [18/22 (1!)] in 1.33s, 4 tests

Suite: org.wikimedia.search.highlighter.experimental.hit.WeightFilteredHitEnumWrapperTest
Completed [19/22 (1!)] in 0.00s, 4 tests

Suite: org.wikimedia.search.highlighter.experimental.hit.weight.CachingTermWeigherTest
Completed [20/22 (1!)] in 0.00s, 1 test

Suite: org.wikimedia.search.highlighter.experimental.snippet.CharScanningSegmenterTest
Completed [21/22 (1!)] in 13.19s, 1007 tests

Suite: org.wikimedia.search.highlighter.experimental.snippet.ExponentialSnippetWeigherTest
Completed [22/22 (1!)] in 0.00s, 5 tests


Tests with failures [seed: 6FC25F4025BD1133]:
  - org.wikimedia.search.highlighter.experimental.hit.PhraseHitEnumWrapperTest.largeAndBasicSpeedTest


[INFO] JVM J0:     2.29 ..    44.87 =    42.58s
[INFO] Execution time total: 45 seconds
[INFO] Tests summary: 22 suites, 1109 tests, 1 failure
[INFO] 
[INFO] ------------------------------------------------------------------------
[INFO] Skipping Lucene backed implementations of interfaces for experimental highlighter
[INFO] This project has been banned from the build due to previous failures.
[INFO] ------------------------------------------------------------------------
[INFO] 
[INFO] ------------------------------------------------------------------------
[INFO] Skipping Elasticsearch plugin for experimental highlighter
[INFO] This project has been banned from the build due to previous failures.
[INFO] ------------------------------------------------------------------------
[INFO] ------------------------------------------------------------------------
[INFO] Reactor Summary for Elasticsearch experimental highlighter plugin 7.10.0-SNAPSHOT:
[INFO] 
[INFO] Elasticsearch experimental highlighter plugin ...... SUCCESS [  7.424 s]
[INFO] Core algorithms and interfaces for the experimental highlighter FAILURE [01:01 min]
[INFO] Lucene backed implementations of interfaces for experimental highlighter SKIPPED
[INFO] Elasticsearch plugin for experimental highlighter .. SKIPPED
[INFO] ------------------------------------------------------------------------
[INFO] BUILD FAILURE
[INFO] ------------------------------------------------------------------------
[INFO] Total time:  01:09 min
[INFO] Finished at: 2021-11-08T06:17:34Z
[INFO] ------------------------------------------------------------------------
[ERROR] Failed to execute goal com.carrotsearch.randomizedtesting:junit4-maven-plugin:2.7.0:junit4 (tests) on project experimental-highlighter-core: There were test failures: 22 suites, 1109 tests, 1 failure [seed: 6FC25F4025BD1133] -> [Help 1]
[ERROR] 
[ERROR] To see the full stack trace of the errors, re-run Maven with the -e switch.
[ERROR] Re-run Maven using the -X switch to enable full debug logging.
[ERROR] 
[ERROR] For more information about the errors and possible solutions, please read the following articles:
[ERROR] [Help 1] http://cwiki.apache.org/confluence/display/MAVEN/MojoExecutionException
[ERROR] 
[ERROR] After correcting the problems, you can resume the build with the command
[ERROR]   mvn <args> -rf :experimental-highlighter-core
{'error': True, 'log_file': 'output-2021-11-08T06:16:20-5540.log', 'message': '', 'start_time': '2021-11-08T06:16:20', 'end_time': '2021-11-08T06:16:57', 'command': ['mvn', '-fae', 'test'], 'faketime_str': '+0 x2.0', 'timezone': datetime.timezone(datetime.timedelta(0), 'UTC')}
