[INFO] Scanning for projects...
[INFO] ------------------------------------------------------------------------
[INFO] Reactor Build Order:
[INFO] 
[INFO] Elasticsearch experimental highlighter plugin                      [pom]
[INFO] Core algorithms and interfaces for the experimental highlighter    [jar]
[INFO] Lucene backed implementations of interfaces for experimental highlighter [jar]
[INFO] Elasticsearch plugin for experimental highlighter                  [jar]
[INFO] 
[INFO] -----------< org.wikimedia.search.highlighter:experimental >------------
[INFO] Building Elasticsearch experimental highlighter plugin 7.10.0-SNAPSHOT [1/4]
[INFO] --------------------------------[ pom ]---------------------------------
[INFO] 
[INFO] --- maven-enforcer-plugin:3.0.0-M3:enforce (enforce-maven-version) @ experimental ---
[INFO] 
[INFO] --- maven-enforcer-plugin:3.0.0-M3:enforce (enforce-jdk-version) @ experimental ---
[INFO] 
[INFO] --- jacoco-maven-plugin:0.8.5:prepare-agent (default-prepare-agent) @ experimental ---
[WARNING] The artifact xml-apis:xml-apis:jar:2.0.2 has been relocated to xml-apis:xml-apis:jar:1.0.b2
[INFO] argLine set to -javaagent:/root/.m2/repository/org/jacoco/org.jacoco.agent/0.8.5/org.jacoco.agent-0.8.5-runtime.jar=destfile=/home/target/target/jacoco.exec
[INFO] 
[INFO] --- forbiddenapis:3.1:check (check-forbidden-apis) @ experimental ---
[INFO] Skipping execution for packaging "pom"
[INFO] 
[INFO] --- forbiddenapis:3.1:testCheck (check-forbidden-test-apis) @ experimental ---
[INFO] Skipping execution for packaging "pom"
[INFO] 
[INFO] --- maven-checkstyle-plugin:3.1.1:check (validate) @ experimental ---
[INFO] Starting audit...
Audit done.
[INFO] You have 0 Checkstyle violations.
[INFO] 
[INFO] ---< org.wikimedia.search.highlighter:experimental-highlighter-core >---
[INFO] Building Core algorithms and interfaces for the experimental highlighter 7.10.0-SNAPSHOT [2/4]
[INFO] --------------------------------[ jar ]---------------------------------
[INFO] 
[INFO] --- maven-enforcer-plugin:3.0.0-M3:enforce (enforce-maven-version) @ experimental-highlighter-core ---
[INFO] 
[INFO] --- maven-enforcer-plugin:3.0.0-M3:enforce (enforce-jdk-version) @ experimental-highlighter-core ---
[INFO] 
[INFO] --- jacoco-maven-plugin:0.8.5:prepare-agent (default-prepare-agent) @ experimental-highlighter-core ---
[INFO] argLine set to -javaagent:/root/.m2/repository/org/jacoco/org.jacoco.agent/0.8.5/org.jacoco.agent-0.8.5-runtime.jar=destfile=/home/target/experimental-highlighter-core/target/jacoco.exec
[INFO] 
[INFO] --- maven-resources-plugin:3.2.0:resources (default-resources) @ experimental-highlighter-core ---
[INFO] Using 'UTF-8' encoding to copy filtered resources.
[INFO] Using 'UTF-8' encoding to copy filtered properties files.
[INFO] Copying 58 resources
[INFO] skip non existing resourceDirectory /home/target/experimental-highlighter-core/src/main/resources
[INFO] 
[INFO] --- maven-compiler-plugin:3.8.1:compile (default-compile) @ experimental-highlighter-core ---
[INFO] Changes detected - recompiling the module!
[INFO] Compiling 58 source files to /home/target/experimental-highlighter-core/target/classes
[INFO] 
[INFO] --- forbiddenapis:3.1:check (check-forbidden-apis) @ experimental-highlighter-core ---
[INFO] Scanning for classes to check...
[INFO] Reading bundled API signatures: jdk-unsafe-1.8
[INFO] Reading bundled API signatures: jdk-deprecated-1.8
[INFO] Reading bundled API signatures: jdk-system-out
[INFO] Reading bundled API signatures: jdk-non-portable
[INFO] Reading API signatures: jar:file:/root/.m2/repository/org/wikimedia/discovery/discovery-maven-tool-configs/1.16/discovery-maven-tool-configs-1.16.jar!/org/wikimedia/discovery/build/tools/forbidden/all-signatures.txt
[INFO] Reading API signatures: jar:file:/root/.m2/repository/org/wikimedia/discovery/discovery-maven-tool-configs/1.16/discovery-maven-tool-configs-1.16.jar!/org/wikimedia/discovery/build/tools/forbidden/core-signatures.txt
[INFO] Loading classes to check...
[INFO] Scanning classes for violations...
[INFO] Scanned 95 class file(s) for forbidden API invocations (in 0.36s), 0 error(s).
[INFO] 
[INFO] --- maven-resources-plugin:3.2.0:testResources (default-testResources) @ experimental-highlighter-core ---
[INFO] Using 'UTF-8' encoding to copy filtered resources.
[INFO] Using 'UTF-8' encoding to copy filtered properties files.
[INFO] Copying 26 resources
[INFO] skip non existing resourceDirectory /home/target/experimental-highlighter-core/src/test/resources
[INFO] 
[INFO] --- maven-compiler-plugin:3.8.1:testCompile (default-testCompile) @ experimental-highlighter-core ---
[INFO] Changes detected - recompiling the module!
[INFO] Compiling 26 source files to /home/target/experimental-highlighter-core/target/test-classes
[INFO] 
[INFO] --- forbiddenapis:3.1:testCheck (check-forbidden-test-apis) @ experimental-highlighter-core ---
[INFO] Scanning for classes to check...
[INFO] Reading bundled API signatures: jdk-unsafe-1.8
[INFO] Reading bundled API signatures: jdk-deprecated-1.8
[INFO] Reading bundled API signatures: jdk-system-out
[INFO] Reading bundled API signatures: jdk-non-portable
[INFO] Reading API signatures: jar:file:/root/.m2/repository/org/wikimedia/discovery/discovery-maven-tool-configs/1.16/discovery-maven-tool-configs-1.16.jar!/org/wikimedia/discovery/build/tools/forbidden/all-signatures.txt
[INFO] Reading API signatures: jar:file:/root/.m2/repository/org/wikimedia/discovery/discovery-maven-tool-configs/1.16/discovery-maven-tool-configs-1.16.jar!/org/wikimedia/discovery/build/tools/forbidden/test-signatures.txt
[INFO] Loading classes to check...
[INFO] Scanning classes for violations...
[INFO] Scanned 37 class file(s) for forbidden API invocations (in 0.13s), 0 error(s).
[INFO] 
[INFO] --- maven-surefire-plugin:3.0.0-M5:test (default-test) @ experimental-highlighter-core ---
[INFO] Tests are skipped.
[INFO] 
[INFO] --- maven-checkstyle-plugin:3.1.1:check (validate) @ experimental-highlighter-core ---
[INFO] Starting audit...
Audit done.
[INFO] You have 0 Checkstyle violations.
[INFO] 
[INFO] --- junit4-maven-plugin:2.7.0:junit4 (tests) @ experimental-highlighter-core ---
[INFO] <JUnit4> says Привет! Master seed: 1DA1735AFD415B06
Executing 22 suites with 1 JVM.

Started J0 PID(2543@cd512514af50).
Suite: org.wikimedia.search.highlighter.experimental.hit.BreakIteratorHitEnumTest
Completed [1/22] in 0.61s, 5 tests

Suite: org.wikimedia.search.highlighter.experimental.snippet.MultiSegmenterTest
Completed [2/22] in 0.34s, 9 tests

Suite: org.wikimedia.search.highlighter.experimental.hit.PositionBoostingHitEnumTest
Completed [3/22] in 0.03s, 5 tests

Suite: org.wikimedia.search.highlighter.experimental.hit.ConcatHitEnumTest
Completed [4/22] in 0.71s, 1 test

Suite: org.wikimedia.search.highlighter.experimental.hit.PhraseHitEnumWrapperTest
Completed [5/22] in 6.63s, 8 tests

Suite: org.wikimedia.search.highlighter.experimental.snippet.WholeSourceSegmenterTest
Completed [6/22] in 0.00s, 3 tests

Suite: org.wikimedia.search.highlighter.experimental.source.NonMergingMultiSourceExtracterTest
Completed [7/22] in 0.37s, 7 tests

Suite: org.wikimedia.search.highlighter.experimental.hit.weight.MultiplyingTermWeigherTest
Completed [8/22] in 0.00s, 2 tests

Suite: org.wikimedia.search.highlighter.experimental.source.StringSourceExtracterTest
Completed [9/22] in 0.00s, 4 tests

Suite: org.wikimedia.search.highlighter.experimental.snippet.BasicSourceOrderSnippetChooserTest
Completed [10/22] in 0.32s, 6 tests

Suite: org.wikimedia.search.highlighter.experimental.snippet.BreakIteratorSegmenterTest
Completed [11/22] in 0.80s, 5 tests

Suite: org.wikimedia.search.highlighter.experimental.hit.weight.CachingTermWeigherTest
Completed [12/22] in 0.00s, 1 test

Suite: org.wikimedia.search.highlighter.experimental.source.StringMergingMultiSourceExtracterTest
Completed [13/22] in 0.25s, 7 tests

Suite: org.wikimedia.search.highlighter.experimental.hit.weight.ExactMatchTermWeigherTest
Completed [14/22] in 0.00s, 1 test

Suite: org.wikimedia.search.highlighter.experimental.hit.WeightFilteredHitEnumWrapperTest
Completed [15/22] in 0.00s, 4 tests

Suite: org.wikimedia.search.highlighter.experimental.hit.MergingHitEnumTest
Completed [16/22] in 1.21s, 4 tests

Suite: org.wikimedia.search.highlighter.experimental.hit.RegexHitEnumTest
Completed [17/22] in 0.48s, 5 tests

Suite: org.wikimedia.search.highlighter.experimental.hit.OverlapMergingHitEnumWrapperTest
Completed [18/22] in 0.16s, 5 tests

Suite: org.wikimedia.search.highlighter.experimental.hit.ReplayingHitEnumTest
Completed [19/22] in 0.27s, 7 tests

Suite: org.wikimedia.search.highlighter.experimental.snippet.BasicScoreBasedSnippetChooserTest
Completed [20/22] in 0.06s, 8 tests

Suite: org.wikimedia.search.highlighter.experimental.snippet.CharScanningSegmenterTest
Completed [21/22] in 5.92s, 1007 tests

Suite: org.wikimedia.search.highlighter.experimental.snippet.ExponentialSnippetWeigherTest
Completed [22/22] in 0.00s, 5 tests

[INFO] JVM J0:     1.21 ..    22.33 =    21.11s
[INFO] Execution time total: 22 seconds
[INFO] Tests summary: 22 suites, 1109 tests
[INFO] 
[INFO] --- junit4-maven-plugin:2.7.0:junit4 (tests-junit) @ experimental-highlighter-core ---
[INFO] <JUnit4> says שלום! Master seed: 6DBA6465CDC0876A
[INFO] Tests summary: 0 suites, 0 tests
[INFO] 
[INFO] --< org.wikimedia.search.highlighter:experimental-highlighter-lucene >--
[INFO] Building Lucene backed implementations of interfaces for experimental highlighter 7.10.0-SNAPSHOT [3/4]
[INFO] --------------------------------[ jar ]---------------------------------
[INFO] 
[INFO] --- maven-enforcer-plugin:3.0.0-M3:enforce (enforce-maven-version) @ experimental-highlighter-lucene ---
[INFO] 
[INFO] --- maven-enforcer-plugin:3.0.0-M3:enforce (enforce-jdk-version) @ experimental-highlighter-lucene ---
[INFO] 
[INFO] --- jacoco-maven-plugin:0.8.5:prepare-agent (default-prepare-agent) @ experimental-highlighter-lucene ---
[INFO] argLine set to -javaagent:/root/.m2/repository/org/jacoco/org.jacoco.agent/0.8.5/org.jacoco.agent-0.8.5-runtime.jar=destfile=/home/target/experimental-highlighter-lucene/target/jacoco.exec
[INFO] 
[INFO] --- maven-resources-plugin:3.2.0:resources (default-resources) @ experimental-highlighter-lucene ---
[INFO] Using 'UTF-8' encoding to copy filtered resources.
[INFO] Using 'UTF-8' encoding to copy filtered properties files.
[INFO] Copying 9 resources
[INFO] skip non existing resourceDirectory /home/target/experimental-highlighter-lucene/src/main/resources
[INFO] 
[INFO] --- maven-compiler-plugin:3.8.1:compile (default-compile) @ experimental-highlighter-lucene ---
[INFO] Changes detected - recompiling the module!
[INFO] Compiling 9 source files to /home/target/experimental-highlighter-lucene/target/classes
[INFO] 
[INFO] --- forbiddenapis:3.1:check (check-forbidden-apis) @ experimental-highlighter-lucene ---
[INFO] Scanning for classes to check...
[INFO] Reading bundled API signatures: jdk-unsafe-1.8
[INFO] Reading bundled API signatures: jdk-deprecated-1.8
[INFO] Reading bundled API signatures: jdk-system-out
[INFO] Reading bundled API signatures: jdk-non-portable
[INFO] Reading API signatures: jar:file:/root/.m2/repository/org/wikimedia/discovery/discovery-maven-tool-configs/1.16/discovery-maven-tool-configs-1.16.jar!/org/wikimedia/discovery/build/tools/forbidden/all-signatures.txt
[INFO] Reading API signatures: jar:file:/root/.m2/repository/org/wikimedia/discovery/discovery-maven-tool-configs/1.16/discovery-maven-tool-configs-1.16.jar!/org/wikimedia/discovery/build/tools/forbidden/core-signatures.txt
[INFO] Reading API signatures: jar:file:/root/.m2/repository/org/wikimedia/discovery/discovery-maven-tool-configs/1.16/discovery-maven-tool-configs-1.16.jar!/org/wikimedia/discovery/build/tools/forbidden/test-signatures.txt
[INFO] Reading API signatures: jar:file:/root/.m2/repository/org/wikimedia/discovery/discovery-maven-tool-configs/1.16/discovery-maven-tool-configs-1.16.jar!/org/wikimedia/discovery/build/tools/forbidden/lucene-signatures.txt
[INFO] Loading classes to check...
[INFO] Scanning classes for violations...
[INFO] Scanned 23 class file(s) for forbidden API invocations (in 0.13s), 0 error(s).
[INFO] 
[INFO] --- maven-resources-plugin:3.2.0:testResources (default-testResources) @ experimental-highlighter-lucene ---
[INFO] Using 'UTF-8' encoding to copy filtered resources.
[INFO] Using 'UTF-8' encoding to copy filtered properties files.
[INFO] Copying 10 resources
[INFO] skip non existing resourceDirectory /home/target/experimental-highlighter-lucene/src/test/resources
[INFO] 
[INFO] --- maven-compiler-plugin:3.8.1:testCompile (default-testCompile) @ experimental-highlighter-lucene ---
[INFO] Changes detected - recompiling the module!
[INFO] Compiling 10 source files to /home/target/experimental-highlighter-lucene/target/test-classes
[INFO] 
[INFO] --- forbiddenapis:3.1:testCheck (check-forbidden-test-apis) @ experimental-highlighter-lucene ---
[INFO] Scanning for classes to check...
[INFO] Reading bundled API signatures: jdk-unsafe-1.8
[INFO] Reading bundled API signatures: jdk-deprecated-1.8
[INFO] Reading bundled API signatures: jdk-system-out
[INFO] Reading bundled API signatures: jdk-non-portable
[INFO] Reading API signatures: jar:file:/root/.m2/repository/org/wikimedia/discovery/discovery-maven-tool-configs/1.16/discovery-maven-tool-configs-1.16.jar!/org/wikimedia/discovery/build/tools/forbidden/all-signatures.txt
[INFO] Reading API signatures: jar:file:/root/.m2/repository/org/wikimedia/discovery/discovery-maven-tool-configs/1.16/discovery-maven-tool-configs-1.16.jar!/org/wikimedia/discovery/build/tools/forbidden/core-signatures.txt
[INFO] Reading API signatures: jar:file:/root/.m2/repository/org/wikimedia/discovery/discovery-maven-tool-configs/1.16/discovery-maven-tool-configs-1.16.jar!/org/wikimedia/discovery/build/tools/forbidden/test-signatures.txt
[INFO] Reading API signatures: jar:file:/root/.m2/repository/org/wikimedia/discovery/discovery-maven-tool-configs/1.16/discovery-maven-tool-configs-1.16.jar!/org/wikimedia/discovery/build/tools/forbidden/lucene-signatures.txt
[INFO] Loading classes to check...
[INFO] Scanning classes for violations...
[INFO] Scanned 21 class file(s) for forbidden API invocations (in 0.09s), 0 error(s).
[INFO] 
[INFO] --- maven-surefire-plugin:3.0.0-M5:test (default-test) @ experimental-highlighter-lucene ---
[INFO] Tests are skipped.
[INFO] 
[INFO] --- junit4-maven-plugin:2.7.0:junit4 (tests) @ experimental-highlighter-lucene ---
[INFO] <JUnit4> says ahoj! Master seed: B79439422A8A103
Executing 5 suites with 1 JVM.

Started J0 PID(2585@cd512514af50).
Suite: org.wikimedia.highlighter.experimental.lucene.QueryFlattenerTest
Completed [1/5] in 5.84s, 16 tests

Suite: org.wikimedia.highlighter.experimental.lucene.hit.PostingsHitEnumFromTermVectorsTest
Completed [2/5] in 0.46s, 6 tests

Suite: org.wikimedia.highlighter.experimental.lucene.hit.PostingsHitEnumFromPostingsTest
Completed [3/5] in 0.23s, 6 tests

Suite: org.wikimedia.highlighter.experimental.lucene.hit.TokenStreamHitEnumTest
Completed [4/5] in 0.18s, 4 tests

Suite: org.wikimedia.highlighter.experimental.lucene.hit.AutomatonHitEnumTest
Completed [5/5] in 0.52s, 12 tests

[INFO] JVM J0:     1.29 ..    10.41 =     9.12s
[INFO] Execution time total: 10 seconds
[INFO] Tests summary: 5 suites, 44 tests
[INFO] 
[INFO] --- junit4-maven-plugin:2.7.0:junit4 (tests-junit) @ experimental-highlighter-lucene ---
[INFO] <JUnit4> says 你好! Master seed: 6672F5D6A1288CD7
[INFO] Tests summary: 0 suites, 0 tests
[INFO] 
[INFO] --- maven-checkstyle-plugin:3.1.1:check (validate) @ experimental-highlighter-lucene ---
[INFO] Starting audit...
Audit done.
[INFO] You have 0 Checkstyle violations.
[INFO] 
[INFO] --< org.wikimedia.search.highlighter:experimental-highlighter-elasticsearch-plugin >--
[INFO] Building Elasticsearch plugin for experimental highlighter 7.10.0-SNAPSHOT [4/4]
[INFO] --------------------------------[ jar ]---------------------------------
[INFO] 
[INFO] --- maven-enforcer-plugin:3.0.0-M3:enforce (enforce-maven-version) @ experimental-highlighter-elasticsearch-plugin ---
[INFO] 
[INFO] --- maven-enforcer-plugin:3.0.0-M3:enforce (enforce-jdk-version) @ experimental-highlighter-elasticsearch-plugin ---
[INFO] 
[INFO] --- jacoco-maven-plugin:0.8.5:prepare-agent (default-prepare-agent) @ experimental-highlighter-elasticsearch-plugin ---
[INFO] argLine set to -javaagent:/root/.m2/repository/org/jacoco/org.jacoco.agent/0.8.5/org.jacoco.agent-0.8.5-runtime.jar=destfile=/home/target/experimental-highlighter-elasticsearch-plugin/target/jacoco.exec
[INFO] 
[INFO] --- maven-resources-plugin:3.2.0:resources (default-resources) @ experimental-highlighter-elasticsearch-plugin ---
[INFO] Using 'UTF-8' encoding to copy filtered resources.
[INFO] Using 'UTF-8' encoding to copy filtered properties files.
[INFO] Copying 0 resource
[INFO] 
[INFO] --- maven-compiler-plugin:3.8.1:compile (default-compile) @ experimental-highlighter-elasticsearch-plugin ---
[INFO] Changes detected - recompiling the module!
[INFO] Compiling 16 source files to /home/target/experimental-highlighter-elasticsearch-plugin/target/classes
[INFO] 
[INFO] --- forbiddenapis:3.1:check (check-forbidden-apis) @ experimental-highlighter-elasticsearch-plugin ---
[INFO] Scanning for classes to check...
[INFO] Reading bundled API signatures: jdk-unsafe-1.8
[INFO] Reading bundled API signatures: jdk-deprecated-1.8
[INFO] Reading bundled API signatures: jdk-system-out
[INFO] Reading bundled API signatures: jdk-non-portable
[INFO] Reading API signatures: jar:file:/root/.m2/repository/org/wikimedia/discovery/discovery-maven-tool-configs/1.16/discovery-maven-tool-configs-1.16.jar!/org/wikimedia/discovery/build/tools/forbidden/all-signatures.txt
[INFO] Reading API signatures: jar:file:/root/.m2/repository/org/wikimedia/discovery/discovery-maven-tool-configs/1.16/discovery-maven-tool-configs-1.16.jar!/org/wikimedia/discovery/build/tools/forbidden/core-signatures.txt
[INFO] Reading API signatures: jar:file:/root/.m2/repository/org/wikimedia/discovery/discovery-maven-tool-configs/1.16/discovery-maven-tool-configs-1.16.jar!/org/wikimedia/discovery/build/tools/forbidden/test-signatures.txt
[INFO] Reading API signatures: jar:file:/root/.m2/repository/org/wikimedia/discovery/discovery-maven-tool-configs/1.16/discovery-maven-tool-configs-1.16.jar!/org/wikimedia/discovery/build/tools/forbidden/lucene-signatures.txt
[INFO] Loading classes to check...
[INFO] Scanning classes for violations...
[INFO] Scanned 19 class file(s) for forbidden API invocations (in 0.18s), 0 error(s).
[INFO] 
[INFO] --- maven-resources-plugin:3.2.0:testResources (default-testResources) @ experimental-highlighter-elasticsearch-plugin ---
[INFO] Using 'UTF-8' encoding to copy filtered resources.
[INFO] Using 'UTF-8' encoding to copy filtered properties files.
[INFO] Copying 11 resources
[INFO] Copying 1 resource
[INFO] 
[INFO] --- maven-compiler-plugin:3.8.1:testCompile (default-testCompile) @ experimental-highlighter-elasticsearch-plugin ---
[INFO] Changes detected - recompiling the module!
[INFO] Compiling 10 source files to /home/target/experimental-highlighter-elasticsearch-plugin/target/test-classes
[WARNING] /home/target/experimental-highlighter-elasticsearch-plugin/src/test/java/org/wikimedia/highlighter/experimental/elasticsearch/integration/MultimatchTest.java:[34,86] cutoffFrequency(float) in org.elasticsearch.index.query.MultiMatchQueryBuilder has been deprecated
[WARNING] /home/target/experimental-highlighter-elasticsearch-plugin/src/test/java/org/wikimedia/highlighter/experimental/elasticsearch/integration/MultimatchTest.java:[46,86] cutoffFrequency(float) in org.elasticsearch.index.query.MultiMatchQueryBuilder has been deprecated
[WARNING] /home/target/experimental-highlighter-elasticsearch-plugin/src/test/java/org/wikimedia/highlighter/experimental/elasticsearch/integration/MultimatchTest.java:[60,21] cutoffFrequency(float) in org.elasticsearch.index.query.MultiMatchQueryBuilder has been deprecated
[WARNING] /home/target/experimental-highlighter-elasticsearch-plugin/src/test/java/org/wikimedia/highlighter/experimental/elasticsearch/integration/MultimatchTest.java:[74,21] cutoffFrequency(float) in org.elasticsearch.index.query.MultiMatchQueryBuilder has been deprecated
[WARNING] /home/target/experimental-highlighter-elasticsearch-plugin/src/test/java/org/wikimedia/highlighter/experimental/elasticsearch/integration/MultimatchTest.java:[87,63] cutoffFrequency(float) in org.elasticsearch.index.query.MultiMatchQueryBuilder has been deprecated
[INFO] 
[INFO] --- forbiddenapis:3.1:testCheck (check-forbidden-test-apis) @ experimental-highlighter-elasticsearch-plugin ---
[INFO] Scanning for classes to check...
[INFO] Reading bundled API signatures: jdk-unsafe-1.8
[INFO] Reading bundled API signatures: jdk-deprecated-1.8
[INFO] Reading bundled API signatures: jdk-system-out
[INFO] Reading bundled API signatures: jdk-non-portable
[INFO] Reading API signatures: jar:file:/root/.m2/repository/org/wikimedia/discovery/discovery-maven-tool-configs/1.16/discovery-maven-tool-configs-1.16.jar!/org/wikimedia/discovery/build/tools/forbidden/all-signatures.txt
[INFO] Reading API signatures: jar:file:/root/.m2/repository/org/wikimedia/discovery/discovery-maven-tool-configs/1.16/discovery-maven-tool-configs-1.16.jar!/org/wikimedia/discovery/build/tools/forbidden/core-signatures.txt
[INFO] Reading API signatures: jar:file:/root/.m2/repository/org/wikimedia/discovery/discovery-maven-tool-configs/1.16/discovery-maven-tool-configs-1.16.jar!/org/wikimedia/discovery/build/tools/forbidden/test-signatures.txt
[INFO] Reading API signatures: jar:file:/root/.m2/repository/org/wikimedia/discovery/discovery-maven-tool-configs/1.16/discovery-maven-tool-configs-1.16.jar!/org/wikimedia/discovery/build/tools/forbidden/lucene-signatures.txt
[INFO] Loading classes to check...
[INFO] Scanning classes for violations...
[INFO] Scanned 19 class file(s) for forbidden API invocations (in 0.24s), 0 error(s).
[INFO] 
[INFO] --- maven-surefire-plugin:3.0.0-M5:test (default-test) @ experimental-highlighter-elasticsearch-plugin ---
[INFO] Tests are skipped.
[INFO] 
[INFO] --- junit4-maven-plugin:2.7.0:junit4 (tests) @ experimental-highlighter-elasticsearch-plugin ---
[INFO] <JUnit4> says 今日は! Master seed: 6D18A769D539A082
Executing 8 suites with 1 JVM.

Started J0 PID(2616@cd512514af50).
Suite: org.wikimedia.highlighter.experimental.elasticsearch.integration.MultimatchTest
ERROR   0.00s | MultimatchTest (suite) <<<
   > Throwable #1: java.lang.RuntimeException: can not run elasticsearch as root
   > 	at org.elasticsearch.bootstrap.Bootstrap.initializeNatives(Bootstrap.java:111)
   > 	at org.elasticsearch.bootstrap.BootstrapForTesting.<clinit>(BootstrapForTesting.java:86)
   > 	at org.elasticsearch.test.ESTestCase.<clinit>(ESTestCase.java:235)
   > 	at java.lang.Class.forName0(Native Method)
   > 	at java.lang.Class.forName(Class.java:348)
   > 	at com.carrotsearch.randomizedtesting.RandomizedRunner$2.run(RandomizedRunner.java:623)
Completed [1/8 (1!)] in 4.55s, 0 tests, 1 error <<< FAILURES!

Suite: org.wikimedia.highlighter.experimental.elasticsearch.integration.RegexTest
ERROR   0.00s | RegexTest.initializationError <<<
   > Throwable #1: java.lang.NoClassDefFoundError: org.wikimedia.highlighter.experimental.elasticsearch.AbstractExperimentalHighlighterIntegrationTestBase
   > 	at java.lang.Class.getDeclaredMethods0(Native Method)
   > 	at java.lang.Class.privateGetDeclaredMethods(Class.java:2701)
   > 	at java.lang.Class.getDeclaredMethods(Class.java:1975)
   > 	at com.carrotsearch.randomizedtesting.ClassModel$3.members(ClassModel.java:215)
   > 	at com.carrotsearch.randomizedtesting.ClassModel$3.members(ClassModel.java:212)
   > 	at com.carrotsearch.randomizedtesting.ClassModel$ModelBuilder.build(ClassModel.java:85)
   > 	at com.carrotsearch.randomizedtesting.ClassModel.methodsModel(ClassModel.java:224)
   > 	at com.carrotsearch.randomizedtesting.ClassModel.<init>(ClassModel.java:207)
   > 	at com.carrotsearch.randomizedtesting.RandomizedRunner.<init>(RandomizedRunner.java:321)
   > 	at sun.reflect.NativeConstructorAccessorImpl.newInstance0(Native Method)
   > 	at sun.reflect.NativeConstructorAccessorImpl.newInstance(NativeConstructorAccessorImpl.java:62)
   > 	at sun.reflect.DelegatingConstructorAccessorImpl.newInstance(DelegatingConstructorAccessorImpl.java:45)
   > 	at java.lang.reflect.Constructor.newInstance(Constructor.java:423)
   > 	at org.junit.internal.builders.AnnotatedBuilder.buildRunner(AnnotatedBuilder.java:104)
   > 	at org.junit.internal.builders.AnnotatedBuilder.runnerForClass(AnnotatedBuilder.java:86)
   > 	at org.junit.runners.model.RunnerBuilder.safeRunnerForClass(RunnerBuilder.java:59)
   > 	at org.junit.internal.builders.AllDefaultPossibilitiesBuilder.runnerForClass(AllDefaultPossibilitiesBuilder.java:26)
   > 	at org.junit.runners.model.RunnerBuilder.safeRunnerForClass(RunnerBuilder.java:59)
   > 	at org.junit.internal.requests.ClassRequest.getRunner(ClassRequest.java:33)
   > 	at com.carrotsearch.ant.tasks.junit4.slave.SlaveMain.execute(SlaveMain.java:258)
   > 	at com.carrotsearch.ant.tasks.junit4.slave.SlaveMain.main(SlaveMain.java:394)
   > 	at com.carrotsearch.ant.tasks.junit4.slave.SlaveMainSafe.main(SlaveMainSafe.java:13)
Completed [2/8 (2!)] in 0.00s, 1 test, 1 error <<< FAILURES!

Suite: org.wikimedia.highlighter.experimental.elasticsearch.integration.SkipTest
ERROR   0.00s | SkipTest.initializationError <<<
   > Throwable #1: java.lang.NoClassDefFoundError: org.wikimedia.highlighter.experimental.elasticsearch.AbstractExperimentalHighlighterIntegrationTestBase
   > 	at java.lang.Class.getDeclaredMethods0(Native Method)
   > 	at java.lang.Class.privateGetDeclaredMethods(Class.java:2701)
   > 	at java.lang.Class.getDeclaredMethods(Class.java:1975)
   > 	at com.carrotsearch.randomizedtesting.ClassModel$3.members(ClassModel.java:215)
   > 	at com.carrotsearch.randomizedtesting.ClassModel$3.members(ClassModel.java:212)
   > 	at com.carrotsearch.randomizedtesting.ClassModel$ModelBuilder.build(ClassModel.java:85)
   > 	at com.carrotsearch.randomizedtesting.ClassModel.methodsModel(ClassModel.java:224)
   > 	at com.carrotsearch.randomizedtesting.ClassModel.<init>(ClassModel.java:207)
   > 	at com.carrotsearch.randomizedtesting.RandomizedRunner.<init>(RandomizedRunner.java:321)
   > 	at sun.reflect.NativeConstructorAccessorImpl.newInstance0(Native Method)
   > 	at sun.reflect.NativeConstructorAccessorImpl.newInstance(NativeConstructorAccessorImpl.java:62)
   > 	at sun.reflect.DelegatingConstructorAccessorImpl.newInstance(DelegatingConstructorAccessorImpl.java:45)
   > 	at java.lang.reflect.Constructor.newInstance(Constructor.java:423)
   > 	at org.junit.internal.builders.AnnotatedBuilder.buildRunner(AnnotatedBuilder.java:104)
   > 	at org.junit.internal.builders.AnnotatedBuilder.runnerForClass(AnnotatedBuilder.java:86)
   > 	at org.junit.runners.model.RunnerBuilder.safeRunnerForClass(RunnerBuilder.java:59)
   > 	at org.junit.internal.builders.AllDefaultPossibilitiesBuilder.runnerForClass(AllDefaultPossibilitiesBuilder.java:26)
   > 	at org.junit.runners.model.RunnerBuilder.safeRunnerForClass(RunnerBuilder.java:59)
   > 	at org.junit.internal.requests.ClassRequest.getRunner(ClassRequest.java:33)
   > 	at com.carrotsearch.ant.tasks.junit4.slave.SlaveMain.execute(SlaveMain.java:258)
   > 	at com.carrotsearch.ant.tasks.junit4.slave.SlaveMain.main(SlaveMain.java:394)
   > 	at com.carrotsearch.ant.tasks.junit4.slave.SlaveMainSafe.main(SlaveMainSafe.java:13)
Completed [3/8 (3!)] in 0.00s, 1 test, 1 error <<< FAILURES!

Suite: org.wikimedia.highlighter.experimental.elasticsearch.integration.PhraseQueryTest
ERROR   0.00s | PhraseQueryTest.initializationError <<<
   > Throwable #1: java.lang.NoClassDefFoundError: org.wikimedia.highlighter.experimental.elasticsearch.AbstractExperimentalHighlighterIntegrationTestBase
   > 	at java.lang.Class.getDeclaredMethods0(Native Method)
   > 	at java.lang.Class.privateGetDeclaredMethods(Class.java:2701)
   > 	at java.lang.Class.getDeclaredMethods(Class.java:1975)
   > 	at com.carrotsearch.randomizedtesting.ClassModel$3.members(ClassModel.java:215)
   > 	at com.carrotsearch.randomizedtesting.ClassModel$3.members(ClassModel.java:212)
   > 	at com.carrotsearch.randomizedtesting.ClassModel$ModelBuilder.build(ClassModel.java:85)
   > 	at com.carrotsearch.randomizedtesting.ClassModel.methodsModel(ClassModel.java:224)
   > 	at com.carrotsearch.randomizedtesting.ClassModel.<init>(ClassModel.java:207)
   > 	at com.carrotsearch.randomizedtesting.RandomizedRunner.<init>(RandomizedRunner.java:321)
   > 	at sun.reflect.NativeConstructorAccessorImpl.newInstance0(Native Method)
   > 	at sun.reflect.NativeConstructorAccessorImpl.newInstance(NativeConstructorAccessorImpl.java:62)
   > 	at sun.reflect.DelegatingConstructorAccessorImpl.newInstance(DelegatingConstructorAccessorImpl.java:45)
   > 	at java.lang.reflect.Constructor.newInstance(Constructor.java:423)
   > 	at org.junit.internal.builders.AnnotatedBuilder.buildRunner(AnnotatedBuilder.java:104)
   > 	at org.junit.internal.builders.AnnotatedBuilder.runnerForClass(AnnotatedBuilder.java:86)
   > 	at org.junit.runners.model.RunnerBuilder.safeRunnerForClass(RunnerBuilder.java:59)
   > 	at org.junit.internal.builders.AllDefaultPossibilitiesBuilder.runnerForClass(AllDefaultPossibilitiesBuilder.java:26)
   > 	at org.junit.runners.model.RunnerBuilder.safeRunnerForClass(RunnerBuilder.java:59)
   > 	at org.junit.internal.requests.ClassRequest.getRunner(ClassRequest.java:33)
   > 	at com.carrotsearch.ant.tasks.junit4.slave.SlaveMain.execute(SlaveMain.java:258)
   > 	at com.carrotsearch.ant.tasks.junit4.slave.SlaveMain.main(SlaveMain.java:394)
   > 	at com.carrotsearch.ant.tasks.junit4.slave.SlaveMainSafe.main(SlaveMainSafe.java:13)
Completed [4/8 (4!)] in 0.00s, 1 test, 1 error <<< FAILURES!

Suite: org.wikimedia.highlighter.experimental.elasticsearch.integration.MiscellaneousTest
ERROR   0.00s | MiscellaneousTest.initializationError <<<
   > Throwable #1: java.lang.NoClassDefFoundError: org.wikimedia.highlighter.experimental.elasticsearch.AbstractExperimentalHighlighterIntegrationTestBase
   > 	at java.lang.Class.getDeclaredMethods0(Native Method)
   > 	at java.lang.Class.privateGetDeclaredMethods(Class.java:2701)
   > 	at java.lang.Class.getDeclaredMethods(Class.java:1975)
   > 	at com.carrotsearch.randomizedtesting.ClassModel$3.members(ClassModel.java:215)
   > 	at com.carrotsearch.randomizedtesting.ClassModel$3.members(ClassModel.java:212)
   > 	at com.carrotsearch.randomizedtesting.ClassModel$ModelBuilder.build(ClassModel.java:85)
   > 	at com.carrotsearch.randomizedtesting.ClassModel.methodsModel(ClassModel.java:224)
   > 	at com.carrotsearch.randomizedtesting.ClassModel.<init>(ClassModel.java:207)
   > 	at com.carrotsearch.randomizedtesting.RandomizedRunner.<init>(RandomizedRunner.java:321)
   > 	at sun.reflect.NativeConstructorAccessorImpl.newInstance0(Native Method)
   > 	at sun.reflect.NativeConstructorAccessorImpl.newInstance(NativeConstructorAccessorImpl.java:62)
   > 	at sun.reflect.DelegatingConstructorAccessorImpl.newInstance(DelegatingConstructorAccessorImpl.java:45)
   > 	at java.lang.reflect.Constructor.newInstance(Constructor.java:423)
   > 	at org.junit.internal.builders.AnnotatedBuilder.buildRunner(AnnotatedBuilder.java:104)
   > 	at org.junit.internal.builders.AnnotatedBuilder.runnerForClass(AnnotatedBuilder.java:86)
   > 	at org.junit.runners.model.RunnerBuilder.safeRunnerForClass(RunnerBuilder.java:59)
   > 	at org.junit.internal.builders.AllDefaultPossibilitiesBuilder.runnerForClass(AllDefaultPossibilitiesBuilder.java:26)
   > 	at org.junit.runners.model.RunnerBuilder.safeRunnerForClass(RunnerBuilder.java:59)
   > 	at org.junit.internal.requests.ClassRequest.getRunner(ClassRequest.java:33)
   > 	at com.carrotsearch.ant.tasks.junit4.slave.SlaveMain.execute(SlaveMain.java:258)
   > 	at com.carrotsearch.ant.tasks.junit4.slave.SlaveMain.main(SlaveMain.java:394)
   > 	at com.carrotsearch.ant.tasks.junit4.slave.SlaveMainSafe.main(SlaveMainSafe.java:13)
Completed [5/8 (5!)] in 0.00s, 1 test, 1 error <<< FAILURES!

Suite: org.wikimedia.highlighter.experimental.elasticsearch.integration.FragmentWeightTest
ERROR   0.00s | FragmentWeightTest.initializationError <<<
   > Throwable #1: java.lang.NoClassDefFoundError: org.wikimedia.highlighter.experimental.elasticsearch.AbstractExperimentalHighlighterIntegrationTestBase
   > 	at java.lang.Class.getDeclaredMethods0(Native Method)
   > 	at java.lang.Class.privateGetDeclaredMethods(Class.java:2701)
   > 	at java.lang.Class.getDeclaredMethods(Class.java:1975)
   > 	at com.carrotsearch.randomizedtesting.ClassModel$3.members(ClassModel.java:215)
   > 	at com.carrotsearch.randomizedtesting.ClassModel$3.members(ClassModel.java:212)
   > 	at com.carrotsearch.randomizedtesting.ClassModel$ModelBuilder.build(ClassModel.java:85)
   > 	at com.carrotsearch.randomizedtesting.ClassModel.methodsModel(ClassModel.java:224)
   > 	at com.carrotsearch.randomizedtesting.ClassModel.<init>(ClassModel.java:207)
   > 	at com.carrotsearch.randomizedtesting.RandomizedRunner.<init>(RandomizedRunner.java:321)
   > 	at sun.reflect.NativeConstructorAccessorImpl.newInstance0(Native Method)
   > 	at sun.reflect.NativeConstructorAccessorImpl.newInstance(NativeConstructorAccessorImpl.java:62)
   > 	at sun.reflect.DelegatingConstructorAccessorImpl.newInstance(DelegatingConstructorAccessorImpl.java:45)
   > 	at java.lang.reflect.Constructor.newInstance(Constructor.java:423)
   > 	at org.junit.internal.builders.AnnotatedBuilder.buildRunner(AnnotatedBuilder.java:104)
   > 	at org.junit.internal.builders.AnnotatedBuilder.runnerForClass(AnnotatedBuilder.java:86)
   > 	at org.junit.runners.model.RunnerBuilder.safeRunnerForClass(RunnerBuilder.java:59)
   > 	at org.junit.internal.builders.AllDefaultPossibilitiesBuilder.runnerForClass(AllDefaultPossibilitiesBuilder.java:26)
   > 	at org.junit.runners.model.RunnerBuilder.safeRunnerForClass(RunnerBuilder.java:59)
   > 	at org.junit.internal.requests.ClassRequest.getRunner(ClassRequest.java:33)
   > 	at com.carrotsearch.ant.tasks.junit4.slave.SlaveMain.execute(SlaveMain.java:258)
   > 	at com.carrotsearch.ant.tasks.junit4.slave.SlaveMain.main(SlaveMain.java:394)
   > 	at com.carrotsearch.ant.tasks.junit4.slave.SlaveMainSafe.main(SlaveMainSafe.java:13)
Completed [6/8 (6!)] in 0.00s, 1 test, 1 error <<< FAILURES!

Suite: org.wikimedia.highlighter.experimental.elasticsearch.integration.BasicQueriesTest
ERROR   0.00s | BasicQueriesTest.initializationError <<<
   > Throwable #1: java.lang.NoClassDefFoundError: org.wikimedia.highlighter.experimental.elasticsearch.AbstractExperimentalHighlighterIntegrationTestBase
   > 	at java.lang.Class.getDeclaredMethods0(Native Method)
   > 	at java.lang.Class.privateGetDeclaredMethods(Class.java:2701)
   > 	at java.lang.Class.getDeclaredMethods(Class.java:1975)
   > 	at com.carrotsearch.randomizedtesting.ClassModel$3.members(ClassModel.java:215)
   > 	at com.carrotsearch.randomizedtesting.ClassModel$3.members(ClassModel.java:212)
   > 	at com.carrotsearch.randomizedtesting.ClassModel$ModelBuilder.build(ClassModel.java:85)
   > 	at com.carrotsearch.randomizedtesting.ClassModel.methodsModel(ClassModel.java:224)
   > 	at com.carrotsearch.randomizedtesting.ClassModel.<init>(ClassModel.java:207)
   > 	at com.carrotsearch.randomizedtesting.RandomizedRunner.<init>(RandomizedRunner.java:321)
   > 	at sun.reflect.NativeConstructorAccessorImpl.newInstance0(Native Method)
   > 	at sun.reflect.NativeConstructorAccessorImpl.newInstance(NativeConstructorAccessorImpl.java:62)
   > 	at sun.reflect.DelegatingConstructorAccessorImpl.newInstance(DelegatingConstructorAccessorImpl.java:45)
   > 	at java.lang.reflect.Constructor.newInstance(Constructor.java:423)
   > 	at org.junit.internal.builders.AnnotatedBuilder.buildRunner(AnnotatedBuilder.java:104)
   > 	at org.junit.internal.builders.AnnotatedBuilder.runnerForClass(AnnotatedBuilder.java:86)
   > 	at org.junit.runners.model.RunnerBuilder.safeRunnerForClass(RunnerBuilder.java:59)
   > 	at org.junit.internal.builders.AllDefaultPossibilitiesBuilder.runnerForClass(AllDefaultPossibilitiesBuilder.java:26)
   > 	at org.junit.runners.model.RunnerBuilder.safeRunnerForClass(RunnerBuilder.java:59)
   > 	at org.junit.internal.requests.ClassRequest.getRunner(ClassRequest.java:33)
   > 	at com.carrotsearch.ant.tasks.junit4.slave.SlaveMain.execute(SlaveMain.java:258)
   > 	at com.carrotsearch.ant.tasks.junit4.slave.SlaveMain.main(SlaveMain.java:394)
   > 	at com.carrotsearch.ant.tasks.junit4.slave.SlaveMainSafe.main(SlaveMainSafe.java:13)
Completed [7/8 (7!)] in 0.00s, 1 test, 1 error <<< FAILURES!

Suite: org.wikimedia.highlighter.experimental.elasticsearch.integration.OptionsTest
ERROR   0.00s | OptionsTest.initializationError <<<
   > Throwable #1: java.lang.NoClassDefFoundError: org.wikimedia.highlighter.experimental.elasticsearch.AbstractExperimentalHighlighterIntegrationTestBase
   > 	at java.lang.Class.getDeclaredMethods0(Native Method)
   > 	at java.lang.Class.privateGetDeclaredMethods(Class.java:2701)
   > 	at java.lang.Class.getDeclaredMethods(Class.java:1975)
   > 	at com.carrotsearch.randomizedtesting.ClassModel$3.members(ClassModel.java:215)
   > 	at com.carrotsearch.randomizedtesting.ClassModel$3.members(ClassModel.java:212)
   > 	at com.carrotsearch.randomizedtesting.ClassModel$ModelBuilder.build(ClassModel.java:85)
   > 	at com.carrotsearch.randomizedtesting.ClassModel.methodsModel(ClassModel.java:224)
   > 	at com.carrotsearch.randomizedtesting.ClassModel.<init>(ClassModel.java:207)
   > 	at com.carrotsearch.randomizedtesting.RandomizedRunner.<init>(RandomizedRunner.java:321)
   > 	at sun.reflect.NativeConstructorAccessorImpl.newInstance0(Native Method)
   > 	at sun.reflect.NativeConstructorAccessorImpl.newInstance(NativeConstructorAccessorImpl.java:62)
   > 	at sun.reflect.DelegatingConstructorAccessorImpl.newInstance(DelegatingConstructorAccessorImpl.java:45)
   > 	at java.lang.reflect.Constructor.newInstance(Constructor.java:423)
   > 	at org.junit.internal.builders.AnnotatedBuilder.buildRunner(AnnotatedBuilder.java:104)
   > 	at org.junit.internal.builders.AnnotatedBuilder.runnerForClass(AnnotatedBuilder.java:86)
   > 	at org.junit.runners.model.RunnerBuilder.safeRunnerForClass(RunnerBuilder.java:59)
   > 	at org.junit.internal.builders.AllDefaultPossibilitiesBuilder.runnerForClass(AllDefaultPossibilitiesBuilder.java:26)
   > 	at org.junit.runners.model.RunnerBuilder.safeRunnerForClass(RunnerBuilder.java:59)
   > 	at org.junit.internal.requests.ClassRequest.getRunner(ClassRequest.java:33)
   > 	at com.carrotsearch.ant.tasks.junit4.slave.SlaveMain.execute(SlaveMain.java:258)
   > 	at com.carrotsearch.ant.tasks.junit4.slave.SlaveMain.main(SlaveMain.java:394)
   > 	at com.carrotsearch.ant.tasks.junit4.slave.SlaveMainSafe.main(SlaveMainSafe.java:13)
Completed [8/8 (8!)] in 0.00s, 1 test, 1 error <<< FAILURES!


Tests with failures [seed: 6D18A769D539A082]:
  - org.wikimedia.highlighter.experimental.elasticsearch.integration.MultimatchTest (suite)
  - org.wikimedia.highlighter.experimental.elasticsearch.integration.RegexTest.initializationError
  - org.wikimedia.highlighter.experimental.elasticsearch.integration.SkipTest.initializationError
  - org.wikimedia.highlighter.experimental.elasticsearch.integration.PhraseQueryTest.initializationError
  - org.wikimedia.highlighter.experimental.elasticsearch.integration.MiscellaneousTest.initializationError
  - org.wikimedia.highlighter.experimental.elasticsearch.integration.FragmentWeightTest.initializationError
  - org.wikimedia.highlighter.experimental.elasticsearch.integration.BasicQueriesTest.initializationError
  - org.wikimedia.highlighter.experimental.elasticsearch.integration.OptionsTest.initializationError


[INFO] JVM J0:     1.38 ..     9.74 =     8.36s
[INFO] Execution time total: 10 seconds
[INFO] Tests summary: 8 suites, 7 tests, 1 suite-level error, 7 errors
[INFO] ------------------------------------------------------------------------
[INFO] Reactor Summary for Elasticsearch experimental highlighter plugin 7.10.0-SNAPSHOT:
[INFO] 
[INFO] Elasticsearch experimental highlighter plugin ...... SUCCESS [  3.364 s]
[INFO] Core algorithms and interfaces for the experimental highlighter SUCCESS [ 30.391 s]
[INFO] Lucene backed implementations of interfaces for experimental highlighter SUCCESS [ 12.944 s]
[INFO] Elasticsearch plugin for experimental highlighter .. FAILURE [ 13.258 s]
[INFO] ------------------------------------------------------------------------
[INFO] BUILD FAILURE
[INFO] ------------------------------------------------------------------------
[INFO] Total time:  01:00 min
[INFO] Finished at: 2021-07-01T00:01:02+12:45
[INFO] ------------------------------------------------------------------------
[ERROR] Failed to execute goal com.carrotsearch.randomizedtesting:junit4-maven-plugin:2.7.0:junit4 (tests) on project experimental-highlighter-elasticsearch-plugin: There were test failures: 8 suites, 7 tests, 1 suite-level error, 7 errors [seed: 6D18A769D539A082] -> [Help 1]
[ERROR] 
[ERROR] To see the full stack trace of the errors, re-run Maven with the -e switch.
[ERROR] Re-run Maven using the -X switch to enable full debug logging.
[ERROR] 
[ERROR] For more information about the errors and possible solutions, please read the following articles:
[ERROR] [Help 1] http://cwiki.apache.org/confluence/display/MAVEN/MojoExecutionException
[ERROR] 
[ERROR] After correcting the problems, you can resume the build with the command
[ERROR]   mvn <args> -rf :experimental-highlighter-elasticsearch-plugin
{'error': True, 'log_file': 'output-2021-11-08T06:14:12-5934.log', 'message': '', 'start_time': '2021-11-08T06:14:12', 'end_time': '2021-11-08T06:15:15', 'command': ['mvn', '-fae', 'test'], 'faketime_str': '@2021-07-01 00:00:00', 'timezone': 'Pacific/Chatham'}
