[INFO] Scanning for projects...
[INFO] 
[INFO] ----------------------< org.versly:versly-wsdoc >-----------------------
[INFO] Building Web Service Documentation Generator 1.2-SNAPSHOT
[INFO] --------------------------------[ jar ]---------------------------------
[INFO] 
[INFO] --- maven-resources-plugin:2.6:resources (default-resources) @ versly-wsdoc ---
[WARNING] Using platform encoding (UTF-8 actually) to copy filtered resources, i.e. build is platform dependent!
[INFO] Copying 2 resources
[INFO] 
[INFO] --- maven-compiler-plugin:3.3:compile (default-compile) @ versly-wsdoc ---
[INFO] Changes detected - recompiling the module!
[WARNING] File encoding has not been set, using platform encoding UTF-8, i.e. build is platform dependent!
[INFO] Compiling 19 source files to /home/target/target/classes
[INFO] /home/target/src/main/java/org/versly/rest/wsdoc/impl/RestDocumentation.java: Some input files use unchecked or unsafe operations.
[INFO] /home/target/src/main/java/org/versly/rest/wsdoc/impl/RestDocumentation.java: Recompile with -Xlint:unchecked for details.
[INFO] -------------------------------------------------------------
[ERROR] COMPILATION ERROR : 
[INFO] -------------------------------------------------------------
[ERROR] /home/target/src/main/java/org/versly/rest/wsdoc/AnnotationProcessor.java:[111,38] cannot find symbol
  symbol:   variable RELEASE_11
  location: class javax.lang.model.SourceVersion
[INFO] 1 error
[INFO] -------------------------------------------------------------
[INFO] ------------------------------------------------------------------------
[INFO] BUILD FAILURE
[INFO] ------------------------------------------------------------------------
[INFO] Total time:  5.383 s
[INFO] Finished at: 2021-11-08T06:03:57Z
[INFO] ------------------------------------------------------------------------
[ERROR] Failed to execute goal org.apache.maven.plugins:maven-compiler-plugin:3.3:compile (default-compile) on project versly-wsdoc: Compilation failure
[ERROR] /home/target/src/main/java/org/versly/rest/wsdoc/AnnotationProcessor.java:[111,38] cannot find symbol
[ERROR]   symbol:   variable RELEASE_11
[ERROR]   location: class javax.lang.model.SourceVersion
[ERROR] 
[ERROR] -> [Help 1]
[ERROR] 
[ERROR] To see the full stack trace of the errors, re-run Maven with the -e switch.
[ERROR] Re-run Maven using the -X switch to enable full debug logging.
[ERROR] 
[ERROR] For more information about the errors and possible solutions, please read the following articles:
[ERROR] [Help 1] http://cwiki.apache.org/confluence/display/MAVEN/MojoFailureException
{'error': True, 'log_file': 'output-2021-11-08T06:03:49-9401.log', 'message': '', 'start_time': '2021-11-08T06:03:49', 'end_time': '2021-11-08T06:03:53', 'command': ['mvn', '-fae', 'test'], 'faketime_str': '+0 x2.0', 'timezone': datetime.timezone(datetime.timedelta(0), 'UTC')}
